<?xml version="1.0"?>
<ruleset name="JUnit Rules (JavaTddPlugin version)"
    xmlns="http://pmd.sf.net/ruleset/1.0.0"
    xmlns:xsi="http://www.w3.org/2001/XMLSchema-instance"
    xsi:schemaLocation="http://pmd.sf.net/ruleset/1.0.0 http://pmd.sf.net/ruleset_xml_schema.xsd"
    xsi:noNamespaceSchemaLocation="http://pmd.sf.net/ruleset_xml_schema.xsd">

  <description>
    These rules deal with different problems that can occur with JUnit
    tests.  This version of the ruleset includes alternate messages
    from the main PMD rulesets/design.xml ruleset.
  </description>

  <rule ref="rulesets/junit.xml/JUnitStaticSuite"/>
  <rule ref="rulesets/junit.xml/JUnitSpelling"/>

  <!-- rule
  ref="rulesets/junit.xml/JUnitAssertionsShouldIncludeMessage"
    not included, since students usually don't use messages when
    writing test cases "in the small", and that is basically OK. -->
  <!-- rule name="JUnitTestsShouldIncludeAssert"
    use VT rule instead, until we can check out the differences -->
  <!-- rule name="UnnecessaryBooleanAssertion"
    use VT rule instead, since it catches all compile-time constants -->

  <rule ref="rulesets/junit.xml/UseAssertEqualsInsteadOfAssertTrue"/>
  <rule ref="rulesets/junit.xml/UseAssertSameInsteadOfAssertTrue"/>
  <rule ref="rulesets/junit.xml/UseAssertNullInsteadOfAssertTrue"/>
  <rule ref="rulesets/junit.xml/SimplifyBooleanAssertion"/>

</ruleset>
